# JRE version: OpenJDK Runtime Environment Temurin-21.0.6+7 (21.0.6+7) (build 21.0.6+7-LTS)
# Java VM: OpenJDK 64-Bit Server VM Temurin-21.0.6+7 (21.0.6+7-LTS, mixed mode, emulated-client, sharing, tiered, compressed oops, compressed class ptrs, g1 gc, windows-amd64)
GC Precious Log:
 CardTable entry size: 512
 Card Set container configuration: InlinePtr #cards 5 size 8 Array Of Cards #cards 12 size 40 Howl #buckets 4 coarsen threshold 1843 Howl Bitmap #cards 512 size 80 coarsen threshold 460 Card regions per heap region 1 cards per card region 2048
 CPUs: 4 total, 4 available
 Memory: 16324M
 Large Page Support: Disabled
 NUMA Support: Disabled
 Compressed Oops: Enabled (32-bit)
 Heap Region Size: 1M
 Heap Min Capacity: 8M
 Heap Initial Capacity: 256M
 Heap Max Capacity: 1G
 Pre-touch: Disabled
 Parallel Workers: 4
 Concurrent Workers: 1
 Concurrent Refinement Workers: 4
 Periodic GC: Disabled
Heap:
 garbage-first heap   total 68608K, used 27999K [0x00000000c0000000, 0x0000000100000000)
  region size 1024K, 1 young (1024K), 0 survivors (0K)
 Metaspace       used 46521K, committed 47168K, reserved 1114112K
  class space    used 5642K, committed 5888K, reserved 1048576K
GC Heap History (20 events):
Event: 180752.419 GC heap after
{Heap after GC invocations=5852 (full 5799):
 garbage-first heap   total 68608K, used 27999K [0x00000000c0000000, 0x0000000100000000)
  region size 1024K, 0 young (0K), 0 survivors (0K)
 Metaspace       used 46521K, committed 47168K, reserved 1114112K
  class space    used 5642K, committed 5888K, reserved 1048576K
}
Event: 180762.572 GC heap before
{Heap before GC invocations=5852 (full 5799):
 garbage-first heap   total 68608K, used 27999K [0x00000000c0000000, 0x0000000100000000)
  region size 1024K, 1 young (1024K), 0 survivors (0K)
 Metaspace       used 46521K, committed 47168K, reserved 1114112K
  class space    used 5642K, committed 5888K, reserved 1048576K
}
Event: 180762.602 GC heap after
{Heap after GC invocations=5853 (full 5800):
 garbage-first heap   total 68608K, used 27999K [0x00000000c0000000, 0x0000000100000000)
  region size 1024K, 0 young (0K), 0 survivors (0K)
 Metaspace       used 46521K, committed 47168K, reserved 1114112K
  class space    used 5642K, committed 5888K, reserved 1048576K
}
Event: 180772.742 GC heap before
{Heap before GC invocations=5853 (full 5800):
 garbage-first heap   total 68608K, used 27999K [0x00000000c0000000, 0x0000000100000000)
  region size 1024K, 1 young (1024K), 0 survivors (0K)
 Metaspace       used 46521K, committed 47168K, reserved 1114112K
  class space    used 5642K, committed 5888K, reserved 1048576K
}
Event: 180772.771 GC heap after
{Heap after GC invocations=5854 (full 5801):
 garbage-first heap   total 68608K, used 27999K [0x00000000c0000000, 0x0000000100000000)
  region size 1024K, 0 young (0K), 0 survivors (0K)
 Metaspace       used 46521K, committed 47168K, reserved 1114112K
  class space    used 5642K, committed 5888K, reserved 1048576K
}
Event: 180782.872 GC heap before
{Heap before GC invocations=5854 (full 5801):
 garbage-first heap   total 68608K, used 27999K [0x00000000c0000000, 0x0000000100000000)
  region size 1024K, 1 young (1024K), 0 survivors (0K)
 Metaspace       used 46521K, committed 47168K, reserved 1114112K
  class space    used 5642K, committed 5888K, reserved 1048576K
}
Event: 180782.903 GC heap after
{Heap after GC invocations=5855 (full 5802):
 garbage-first heap   total 68608K, used 27999K [0x00000000c0000000, 0x0000000100000000)
  region size 1024K, 0 young (0K), 0 survivors (0K)
 Metaspace       used 46521K, committed 47168K, reserved 1114112K
  class space    used 5642K, committed 5888K, reserved 1048576K
}
Event: 180792.999 GC heap before
{Heap before GC invocations=5855 (full 5802):
 garbage-first heap   total 68608K, used 27999K [0x00000000c0000000, 0x0000000100000000)
  region size 1024K, 1 young (1024K), 0 survivors (0K)
 Metaspace       used 46521K, committed 47168K, reserved 1114112K
  class space    used 5642K, committed 5888K, reserved 1048576K
}
Event: 180793.030 GC heap after
{Heap after GC invocations=5856 (full 5803):
 garbage-first heap   total 68608K, used 27999K [0x00000000c0000000, 0x0000000100000000)
  region size 1024K, 0 young (0K), 0 survivors (0K)
 Metaspace       used 46521K, committed 47168K, reserved 1114112K
  class space    used 5642K, committed 5888K, reserved 1048576K
}
Event: 180803.135 GC heap before
{Heap before GC invocations=5856 (full 5803):
 garbage-first heap   total 68608K, used 27999K [0x00000000c0000000, 0x0000000100000000)
  region size 1024K, 1 young (1024K), 0 survivors (0K)
 Metaspace       used 46521K, committed 47168K, reserved 1114112K
  class space    used 5642K, committed 5888K, reserved 1048576K
}
Event: 180803.166 GC heap after
{Heap after GC invocations=5857 (full 5804):
 garbage-first heap   total 68608K, used 27999K [0x00000000c0000000, 0x0000000100000000)
  region size 1024K, 0 young (0K), 0 survivors (0K)
 Metaspace       used 46521K, committed 47168K, reserved 1114112K
  class space    used 5642K, committed 5888K, reserved 1048576K
}
Event: 180813.270 GC heap before
{Heap before GC invocations=5857 (full 5804):
 garbage-first heap   total 68608K, used 27999K [0x00000000c0000000, 0x0000000100000000)
  region size 1024K, 1 young (1024K), 0 survivors (0K)
 Metaspace       used 46521K, committed 47168K, reserved 1114112K
  class space    used 5642K, committed 5888K, reserved 1048576K
}
Event: 180813.301 GC heap after
{Heap after GC invocations=5858 (full 5805):
 garbage-first heap   total 68608K, used 27999K [0x00000000c0000000, 0x0000000100000000)
  region size 1024K, 0 young (0K), 0 survivors (0K)
 Metaspace       used 46521K, committed 47168K, reserved 1114112K
  class space    used 5642K, committed 5888K, reserved 1048576K
}
Event: 180823.408 GC heap before
{Heap before GC invocations=5858 (full 5805):
 garbage-first heap   total 68608K, used 27999K [0x00000000c0000000, 0x0000000100000000)
  region size 1024K, 1 young (1024K), 0 survivors (0K)
 Metaspace       used 46521K, committed 47168K, reserved 1114112K
  class space    used 5642K, committed 5888K, reserved 1048576K
}
Event: 180823.439 GC heap after
{Heap after GC invocations=5859 (full 5806):
 garbage-first heap   total 68608K, used 27999K [0x00000000c0000000, 0x0000000100000000)
  region size 1024K, 0 young (0K), 0 survivors (0K)
 Metaspace       used 46521K, committed 47168K, reserved 1114112K
  class space    used 5642K, committed 5888K, reserved 1048576K
}
Event: 180833.538 GC heap before
{Heap before GC invocations=5859 (full 5806):
 garbage-first heap   total 68608K, used 27999K [0x00000000c0000000, 0x0000000100000000)
  region size 1024K, 1 young (1024K), 0 survivors (0K)
 Metaspace       used 46521K, committed 47168K, reserved 1114112K
  class space    used 5642K, committed 5888K, reserved 1048576K
}
Event: 180833.570 GC heap after
{Heap after GC invocations=5860 (full 5807):
 garbage-first heap   total 68608K, used 27999K [0x00000000c0000000, 0x0000000100000000)
  region size 1024K, 0 young (0K), 0 survivors (0K)
 Metaspace       used 46521K, committed 47168K, reserved 1114112K
  class space    used 5642K, committed 5888K, reserved 1048576K
}
Event: 180843.674 GC heap before
{Heap before GC invocations=5860 (full 5807):
 garbage-first heap   total 68608K, used 27999K [0x00000000c0000000, 0x0000000100000000)
  region size 1024K, 1 young (1024K), 0 survivors (0K)
 Metaspace       used 46521K, committed 47168K, reserved 1114112K
  class space    used 5642K, committed 5888K, reserved 1048576K
}
Event: 180843.705 GC heap after
{Heap after GC invocations=5861 (full 5808):
 garbage-first heap   total 68608K, used 27999K [0x00000000c0000000, 0x0000000100000000)
  region size 1024K, 0 young (0K), 0 survivors (0K)
 Metaspace       used 46521K, committed 47168K, reserved 1114112K
  class space    used 5642K, committed 5888K, reserved 1048576K
}
Event: 180853.790 GC heap before
{Heap before GC invocations=5861 (full 5808):
 garbage-first heap   total 68608K, used 27999K [0x00000000c0000000, 0x0000000100000000)
  region size 1024K, 1 young (1024K), 0 survivors (0K)
 Metaspace       used 46521K, committed 47168K, reserved 1114112K
  class space    used 5642K, committed 5888K, reserved 1048576K
}

